c:\users\laurynas\documents\ertsassignment3\project1\debug\vc142.pdb
c:\users\laurynas\documents\ertsassignment3\project1\debug\vc142.idb
c:\users\laurynas\documents\ertsassignment3\project1\debug\stateinterface.obj
c:\users\laurynas\documents\ertsassignment3\project1\debug\poweronselftest.obj
c:\users\laurynas\documents\ertsassignment3\project1\debug\operational.obj
c:\users\laurynas\documents\ertsassignment3\project1\debug\main.obj
c:\users\laurynas\documents\ertsassignment3\project1\debug\initializing.obj
c:\users\laurynas\documents\ertsassignment3\project1\debug\failure.obj
c:\users\laurynas\documents\ertsassignment3\project1\debug\embeddedsystemx.obj
c:\users\laurynas\documents\ertsassignment3\project1\debug\context.obj
c:\users\laurynas\documents\ertsassignment3\debug\project1.pdb
c:\users\laurynas\documents\ertsassignment3\project1\debug\project1.tlog\cl.command.1.tlog
c:\users\laurynas\documents\ertsassignment3\project1\debug\project1.tlog\cl.read.1.tlog
c:\users\laurynas\documents\ertsassignment3\project1\debug\project1.tlog\cl.write.1.tlog
c:\users\laurynas\documents\ertsassignment3\project1\debug\project1.tlog\link-cvtres.read.1.tlog
c:\users\laurynas\documents\ertsassignment3\project1\debug\project1.tlog\link-cvtres.write.1.tlog
c:\users\laurynas\documents\ertsassignment3\project1\debug\project1.tlog\link-rc.read.1.tlog
c:\users\laurynas\documents\ertsassignment3\project1\debug\project1.tlog\link-rc.write.1.tlog
c:\users\laurynas\documents\ertsassignment3\project1\debug\project1.tlog\link.command.1.tlog
c:\users\laurynas\documents\ertsassignment3\project1\debug\project1.tlog\link.read.1.tlog
c:\users\laurynas\documents\ertsassignment3\project1\debug\project1.tlog\link.write.1.tlog
